CRITICAL - 2020-07-12 10:21:55 --> Call to undefined function CodeIgniter\Database\MySQLi\mysqli_init()
#0 D:\Projetos\AppDepressao\Depressapp\system\Database\BaseConnection.php(377): CodeIgniter\Database\MySQLi\Connection->connect(true)
#1 D:\Projetos\AppDepressao\Depressapp\system\Database\BaseConnection.php(643): CodeIgniter\Database\BaseConnection->initialize()
#2 D:\Projetos\AppDepressao\Depressapp\system\Database\BaseBuilder.php(1845): CodeIgniter\Database\BaseConnection->query('SELECT *\nFROM `...', Array, false)
#3 D:\Projetos\AppDepressao\Depressapp\system\Model.php(489): CodeIgniter\Database\BaseBuilder->get()
#4 D:\Projetos\AppDepressao\Depressapp\app\Models\UserModel.php(19): CodeIgniter\Model->first()
#5 D:\Projetos\AppDepressao\Depressapp\app\Controllers\Account.php(25): App\Models\UserModel->RetornarUsuarioEmailSenha('admin@appdepres...', 'admin')
#6 D:\Projetos\AppDepressao\Depressapp\system\CodeIgniter.php(914): App\Controllers\Account->login()
#7 D:\Projetos\AppDepressao\Depressapp\system\CodeIgniter.php(400): CodeIgniter\CodeIgniter->runController(Object(App\Controllers\Account))
#8 D:\Projetos\AppDepressao\Depressapp\system\CodeIgniter.php(308): CodeIgniter\CodeIgniter->handleRequest(NULL, Object(Config\Cache), false)
#9 D:\Projetos\AppDepressao\Depressapp\public\index.php(45): CodeIgniter\CodeIgniter->run()
#10 {main}
CRITICAL - 2020-07-12 10:22:32 --> Call to undefined function CodeIgniter\Database\MySQLi\mysqli_init()
#0 D:\Projetos\AppDepressao\Depressapp\system\Database\BaseConnection.php(377): CodeIgniter\Database\MySQLi\Connection->connect(true)
#1 D:\Projetos\AppDepressao\Depressapp\system\Database\BaseConnection.php(643): CodeIgniter\Database\BaseConnection->initialize()
#2 D:\Projetos\AppDepressao\Depressapp\system\Database\BaseBuilder.php(1845): CodeIgniter\Database\BaseConnection->query('SELECT *\nFROM `...', Array, false)
#3 D:\Projetos\AppDepressao\Depressapp\system\Model.php(445): CodeIgniter\Database\BaseBuilder->get()
#4 D:\Projetos\AppDepressao\Depressapp\app\Models\MainQuestionsModel.php(19): CodeIgniter\Model->findAll()
#5 D:\Projetos\AppDepressao\Depressapp\app\Controllers\Perguntas.php(15): App\Models\MainQuestionsModel->getQuestion()
#6 D:\Projetos\AppDepressao\Depressapp\system\CodeIgniter.php(914): App\Controllers\Perguntas->CarregarLista()
#7 D:\Projetos\AppDepressao\Depressapp\system\CodeIgniter.php(400): CodeIgniter\CodeIgniter->runController(Object(App\Controllers\Perguntas))
#8 D:\Projetos\AppDepressao\Depressapp\system\CodeIgniter.php(308): CodeIgniter\CodeIgniter->handleRequest(NULL, Object(Config\Cache), false)
#9 D:\Projetos\AppDepressao\Depressapp\public\index.php(45): CodeIgniter\CodeIgniter->run()
#10 {main}
CRITICAL - 2020-07-12 10:22:40 --> Call to undefined function CodeIgniter\Database\MySQLi\mysqli_init()
#0 D:\Projetos\AppDepressao\Depressapp\system\Database\BaseConnection.php(377): CodeIgniter\Database\MySQLi\Connection->connect(true)
#1 D:\Projetos\AppDepressao\Depressapp\system\Database\BaseConnection.php(643): CodeIgniter\Database\BaseConnection->initialize()
#2 D:\Projetos\AppDepressao\Depressapp\system\Database\BaseBuilder.php(1845): CodeIgniter\Database\BaseConnection->query('SELECT *\nFROM `...', Array, false)
#3 D:\Projetos\AppDepressao\Depressapp\system\Model.php(445): CodeIgniter\Database\BaseBuilder->get()
#4 D:\Projetos\AppDepressao\Depressapp\app\Models\MainQuestionsModel.php(19): CodeIgniter\Model->findAll()
#5 D:\Projetos\AppDepressao\Depressapp\app\Controllers\Perguntas.php(15): App\Models\MainQuestionsModel->getQuestion()
#6 D:\Projetos\AppDepressao\Depressapp\system\CodeIgniter.php(914): App\Controllers\Perguntas->CarregarLista()
#7 D:\Projetos\AppDepressao\Depressapp\system\CodeIgniter.php(400): CodeIgniter\CodeIgniter->runController(Object(App\Controllers\Perguntas))
#8 D:\Projetos\AppDepressao\Depressapp\system\CodeIgniter.php(308): CodeIgniter\CodeIgniter->handleRequest(NULL, Object(Config\Cache), false)
#9 D:\Projetos\AppDepressao\Depressapp\public\index.php(45): CodeIgniter\CodeIgniter->run()
#10 {main}
CRITICAL - 2020-07-12 10:25:34 --> Call to undefined function CodeIgniter\Database\MySQLi\mysqli_init()
#0 D:\Projetos\AppDepressao\Depressapp\system\Database\BaseConnection.php(377): CodeIgniter\Database\MySQLi\Connection->connect(true)
#1 D:\Projetos\AppDepressao\Depressapp\system\Database\BaseConnection.php(643): CodeIgniter\Database\BaseConnection->initialize()
#2 D:\Projetos\AppDepressao\Depressapp\system\Database\BaseBuilder.php(1845): CodeIgniter\Database\BaseConnection->query('SELECT *\nFROM `...', Array, false)
#3 D:\Projetos\AppDepressao\Depressapp\system\Model.php(445): CodeIgniter\Database\BaseBuilder->get()
#4 D:\Projetos\AppDepressao\Depressapp\app\Models\MainQuestionsModel.php(19): CodeIgniter\Model->findAll()
#5 D:\Projetos\AppDepressao\Depressapp\app\Controllers\Perguntas.php(15): App\Models\MainQuestionsModel->getQuestion()
#6 D:\Projetos\AppDepressao\Depressapp\system\CodeIgniter.php(914): App\Controllers\Perguntas->CarregarLista()
#7 D:\Projetos\AppDepressao\Depressapp\system\CodeIgniter.php(400): CodeIgniter\CodeIgniter->runController(Object(App\Controllers\Perguntas))
#8 D:\Projetos\AppDepressao\Depressapp\system\CodeIgniter.php(308): CodeIgniter\CodeIgniter->handleRequest(NULL, Object(Config\Cache), false)
#9 D:\Projetos\AppDepressao\Depressapp\public\index.php(45): CodeIgniter\CodeIgniter->run()
#10 {main}
CRITICAL - 2020-07-12 10:25:37 --> Call to undefined function CodeIgniter\Database\MySQLi\mysqli_init()
#0 D:\Projetos\AppDepressao\Depressapp\system\Database\BaseConnection.php(377): CodeIgniter\Database\MySQLi\Connection->connect(true)
#1 D:\Projetos\AppDepressao\Depressapp\system\Database\BaseConnection.php(643): CodeIgniter\Database\BaseConnection->initialize()
#2 D:\Projetos\AppDepressao\Depressapp\system\Database\BaseBuilder.php(1845): CodeIgniter\Database\BaseConnection->query('SELECT *\nFROM `...', Array, false)
#3 D:\Projetos\AppDepressao\Depressapp\system\Model.php(445): CodeIgniter\Database\BaseBuilder->get()
#4 D:\Projetos\AppDepressao\Depressapp\app\Models\MainQuestionsModel.php(19): CodeIgniter\Model->findAll()
#5 D:\Projetos\AppDepressao\Depressapp\app\Controllers\Perguntas.php(15): App\Models\MainQuestionsModel->getQuestion()
#6 D:\Projetos\AppDepressao\Depressapp\system\CodeIgniter.php(914): App\Controllers\Perguntas->CarregarLista()
#7 D:\Projetos\AppDepressao\Depressapp\system\CodeIgniter.php(400): CodeIgniter\CodeIgniter->runController(Object(App\Controllers\Perguntas))
#8 D:\Projetos\AppDepressao\Depressapp\system\CodeIgniter.php(308): CodeIgniter\CodeIgniter->handleRequest(NULL, Object(Config\Cache), false)
#9 D:\Projetos\AppDepressao\Depressapp\public\index.php(45): CodeIgniter\CodeIgniter->run()
#10 {main}
CRITICAL - 2020-07-12 11:32:14 --> Call to undefined function CodeIgniter\Database\MySQLi\mysqli_init()
#0 D:\Projetos\AppDepressao\Depressapp\system\Database\BaseConnection.php(377): CodeIgniter\Database\MySQLi\Connection->connect(true)
#1 D:\Projetos\AppDepressao\Depressapp\system\Database\BaseConnection.php(643): CodeIgniter\Database\BaseConnection->initialize()
#2 D:\Projetos\AppDepressao\Depressapp\system\Database\BaseBuilder.php(1845): CodeIgniter\Database\BaseConnection->query('SELECT *\nFROM `...', Array, false)
#3 D:\Projetos\AppDepressao\Depressapp\system\Model.php(489): CodeIgniter\Database\BaseBuilder->get()
#4 D:\Projetos\AppDepressao\Depressapp\app\Models\UserModel.php(19): CodeIgniter\Model->first()
#5 D:\Projetos\AppDepressao\Depressapp\app\Controllers\Account.php(25): App\Models\UserModel->RetornarUsuarioEmailSenha('admin@appdepres...', 'admin')
#6 D:\Projetos\AppDepressao\Depressapp\system\CodeIgniter.php(914): App\Controllers\Account->login()
#7 D:\Projetos\AppDepressao\Depressapp\system\CodeIgniter.php(400): CodeIgniter\CodeIgniter->runController(Object(App\Controllers\Account))
#8 D:\Projetos\AppDepressao\Depressapp\system\CodeIgniter.php(308): CodeIgniter\CodeIgniter->handleRequest(NULL, Object(Config\Cache), false)
#9 D:\Projetos\AppDepressao\Depressapp\public\index.php(45): CodeIgniter\CodeIgniter->run()
#10 {main}
CRITICAL - 2020-07-12 11:35:36 --> Call to undefined function CodeIgniter\Database\MySQLi\mysqli_init()
#0 D:\Projetos\AppDepressao\Depressapp\system\Database\BaseConnection.php(377): CodeIgniter\Database\MySQLi\Connection->connect(true)
#1 D:\Projetos\AppDepressao\Depressapp\system\Database\BaseConnection.php(643): CodeIgniter\Database\BaseConnection->initialize()
#2 D:\Projetos\AppDepressao\Depressapp\system\Database\BaseBuilder.php(1845): CodeIgniter\Database\BaseConnection->query('SELECT *\nFROM `...', Array, false)
#3 D:\Projetos\AppDepressao\Depressapp\system\Model.php(489): CodeIgniter\Database\BaseBuilder->get()
#4 D:\Projetos\AppDepressao\Depressapp\app\Models\UserModel.php(19): CodeIgniter\Model->first()
#5 D:\Projetos\AppDepressao\Depressapp\app\Controllers\Account.php(25): App\Models\UserModel->RetornarUsuarioEmailSenha('admin@appdepres...', 'admin')
#6 D:\Projetos\AppDepressao\Depressapp\system\CodeIgniter.php(914): App\Controllers\Account->login()
#7 D:\Projetos\AppDepressao\Depressapp\system\CodeIgniter.php(400): CodeIgniter\CodeIgniter->runController(Object(App\Controllers\Account))
#8 D:\Projetos\AppDepressao\Depressapp\system\CodeIgniter.php(308): CodeIgniter\CodeIgniter->handleRequest(NULL, Object(Config\Cache), false)
#9 D:\Projetos\AppDepressao\Depressapp\public\index.php(45): CodeIgniter\CodeIgniter->run()
#10 {main}
CRITICAL - 2020-07-12 11:38:58 --> Call to undefined function CodeIgniter\Database\MySQLi\mysqli_init()
#0 D:\Projetos\AppDepressao\Depressapp\system\Database\BaseConnection.php(377): CodeIgniter\Database\MySQLi\Connection->connect(true)
#1 D:\Projetos\AppDepressao\Depressapp\system\Database\BaseConnection.php(643): CodeIgniter\Database\BaseConnection->initialize()
#2 D:\Projetos\AppDepressao\Depressapp\system\Database\BaseBuilder.php(1845): CodeIgniter\Database\BaseConnection->query('SELECT *\nFROM `...', Array, false)
#3 D:\Projetos\AppDepressao\Depressapp\system\Model.php(489): CodeIgniter\Database\BaseBuilder->get()
#4 D:\Projetos\AppDepressao\Depressapp\app\Models\UserModel.php(19): CodeIgniter\Model->first()
#5 D:\Projetos\AppDepressao\Depressapp\app\Controllers\Account.php(25): App\Models\UserModel->RetornarUsuarioEmailSenha('dmin@appdepress...', 'admin')
#6 D:\Projetos\AppDepressao\Depressapp\system\CodeIgniter.php(914): App\Controllers\Account->login()
#7 D:\Projetos\AppDepressao\Depressapp\system\CodeIgniter.php(400): CodeIgniter\CodeIgniter->runController(Object(App\Controllers\Account))
#8 D:\Projetos\AppDepressao\Depressapp\system\CodeIgniter.php(308): CodeIgniter\CodeIgniter->handleRequest(NULL, Object(Config\Cache), false)
#9 D:\Projetos\AppDepressao\Depressapp\public\index.php(45): CodeIgniter\CodeIgniter->run()
#10 {main}
CRITICAL - 2020-07-12 12:08:28 --> MySQL server has gone away
#0 /media/gabriel/Dados/Projetos/AppDepressao/Depressapp/system/Database/MySQLi/Connection.php(331): mysqli->query()
#1 /media/gabriel/Dados/Projetos/AppDepressao/Depressapp/system/Database/BaseConnection.php(738): CodeIgniter\Database\MySQLi\Connection->execute()
#2 /media/gabriel/Dados/Projetos/AppDepressao/Depressapp/system/Database/BaseConnection.php(666): CodeIgniter\Database\BaseConnection->simpleQuery()
#3 /media/gabriel/Dados/Projetos/AppDepressao/Depressapp/system/Database/BaseBuilder.php(1845): CodeIgniter\Database\BaseConnection->query()
#4 /media/gabriel/Dados/Projetos/AppDepressao/Depressapp/system/Model.php(445): CodeIgniter\Database\BaseBuilder->get()
#5 /media/gabriel/Dados/Projetos/AppDepressao/Depressapp/app/Controllers/Questionario.php(162): CodeIgniter\Model->findAll()
#6 /media/gabriel/Dados/Projetos/AppDepressao/Depressapp/system/CodeIgniter.php(914): App\Controllers\Questionario->loadPergunta()
#7 /media/gabriel/Dados/Projetos/AppDepressao/Depressapp/system/CodeIgniter.php(400): CodeIgniter\CodeIgniter->runController()
#8 /media/gabriel/Dados/Projetos/AppDepressao/Depressapp/system/CodeIgniter.php(308): CodeIgniter\CodeIgniter->handleRequest()
#9 /media/gabriel/Dados/Projetos/AppDepressao/Depressapp/public/index.php(45): CodeIgniter\CodeIgniter->run()
#10 {main}
CRITICAL - 2020-07-12 12:10:35 --> mysqli::set_charset(): Error executing query
#0 /media/gabriel/Dados/Projetos/AppDepressao/Depressapp/system/Database/BaseConnection.php(377): CodeIgniter\Database\MySQLi\Connection->connect()
#1 /media/gabriel/Dados/Projetos/AppDepressao/Depressapp/system/Database/BaseConnection.php(643): CodeIgniter\Database\BaseConnection->initialize()
#2 /media/gabriel/Dados/Projetos/AppDepressao/Depressapp/system/Database/BaseBuilder.php(1845): CodeIgniter\Database\BaseConnection->query()
#3 /media/gabriel/Dados/Projetos/AppDepressao/Depressapp/system/Model.php(445): CodeIgniter\Database\BaseBuilder->get()
#4 /media/gabriel/Dados/Projetos/AppDepressao/Depressapp/app/Controllers/Analise.php(25): CodeIgniter\Model->findAll()
#5 /media/gabriel/Dados/Projetos/AppDepressao/Depressapp/system/CodeIgniter.php(914): App\Controllers\Analise->View()
#6 /media/gabriel/Dados/Projetos/AppDepressao/Depressapp/system/CodeIgniter.php(400): CodeIgniter\CodeIgniter->runController()
#7 /media/gabriel/Dados/Projetos/AppDepressao/Depressapp/system/CodeIgniter.php(308): CodeIgniter\CodeIgniter->handleRequest()
#8 /media/gabriel/Dados/Projetos/AppDepressao/Depressapp/public/index.php(45): CodeIgniter\CodeIgniter->run()
#9 {main}
